c:\users\teja\desktop\project3\parser\x64\debug\parser.pdb
c:\users\teja\desktop\project3\parser\x64\debug\parser.idb
c:\users\teja\desktop\project3\parser\x64\debug\filesystem.obj
c:\users\teja\desktop\project3\parser\x64\debug\scopestack.obj
c:\users\teja\desktop\project3\parser\x64\debug\semiexp.obj
c:\users\teja\desktop\project3\parser\x64\debug\tokenizer.obj
c:\users\teja\desktop\project3\parser\x64\debug\utilities.obj
c:\users\teja\desktop\project3\parser\x64\debug\actionsandrules.obj
c:\users\teja\desktop\project3\parser\x64\debug\configureparser.obj
c:\users\teja\desktop\project3\parser\x64\debug\parser.obj
c:\users\teja\desktop\project3\parser\x64\debug\typetable.obj
c:\users\teja\desktop\project3\x64\debug\parser.lib
c:\users\teja\desktop\project3\parser\x64\debug\parser.vcxprojresolveassemblyreference.cache
c:\users\teja\desktop\project3\x64\debug\parser.pdb
c:\users\teja\desktop\project3\parser\x64\debug\parser.tlog\cl.command.1.tlog
c:\users\teja\desktop\project3\parser\x64\debug\parser.tlog\cl.read.1.tlog
c:\users\teja\desktop\project3\parser\x64\debug\parser.tlog\cl.write.1.tlog
c:\users\teja\desktop\project3\parser\x64\debug\parser.tlog\lib-link.read.1.tlog
c:\users\teja\desktop\project3\parser\x64\debug\parser.tlog\lib-link.write.1.tlog
c:\users\teja\desktop\project3\parser\x64\debug\parser.tlog\lib.command.1.tlog
